Using pre-set license
Built from '2020.2/release' branch; Version is '2020.2.4f1 (becced5a802b) revision 12504301'; Using compiler version '192528614'; Build Type 'Release'
OS: 'Windows 10 Home N; OS build 19042.867; Version 2009; 64bit' Language: 'es' Physical Memory: 16317 MB
BatchMode: 1, IsHumanControllingUs: 0, StartBugReporterOnCrash: 0, Is64bit: 1, IsPro: 0

 COMMAND LINE ARGUMENTS:
D:\Unity\2020.2.4f1\Editor\Unity.exe
-adb2
-batchMode
-noUpm
-name
AssetImportWorker0
-projectPath
D:/UnityProjects/New Unity Project
-logFile
Logs/AssetImportWorker0.log
-srvPort
50022
Successfully changed project path to: D:/UnityProjects/New Unity Project
D:/UnityProjects/New Unity Project
Using Asset Import Pipeline V2.
Refreshing native plugins compatible for Editor in 46.33 ms, found 1 plugins.
Preloading 0 native plugins for Editor in 0.00 ms.
Initialize engine version: 2020.2.4f1 (becced5a802b)
[Subsystems] Discovering subsystems at path D:/Unity/2020.2.4f1/Editor/Data/Resources/UnitySubsystems
[Subsystems] Discovering subsystems at path D:/UnityProjects/New Unity Project/Assets
GfxDevice: creating device client; threaded=0
Direct3D:
    Version:  Direct3D 11.0 [level 11.1]
    Renderer: Radeon RX 580 Series (ID=0x67df)
    Vendor:   
    VRAM:     4075 MB
    Driver:   27.20.14501.18003
Initialize mono
Mono path[0] = 'D:/Unity/2020.2.4f1/Editor/Data/Managed'
Mono path[1] = 'D:/Unity/2020.2.4f1/Editor/Data/MonoBleedingEdge/lib/mono/unityjit'
Mono config path = 'D:/Unity/2020.2.4f1/Editor/Data/MonoBleedingEdge/etc'
Using monoOptions --debugger-agent=transport=dt_socket,embedding=1,server=y,suspend=n,address=127.0.0.1:56260
Begin MonoManager ReloadAssembly
Registering precompiled unity dll's ...
Register platform support module: D:/Unity/2020.2.4f1/Editor/Data/PlaybackEngines/WindowsStandaloneSupport/UnityEditor.WindowsStandalone.Extensions.dll
Registered in 0.001107 seconds.
Native extension for WindowsStandalone target not found
Refreshing native plugins compatible for Editor in 40.48 ms, found 1 plugins.
Preloading 0 native plugins for Editor in 0.00 ms.
Invoked RoslynAnalysisRunner static constructor.
RoslynAnalysisRunner will not be running.
RoslynAnalysisRunner has terminated.
Mono: successfully reloaded assembly
- Completed reload, in  1.787 seconds
Platform modules already initialized, skipping
Registering precompiled user dll's ...
Registered in 0.000922 seconds.
Begin MonoManager ReloadAssembly
Native extension for WindowsStandalone target not found
Refreshing native plugins compatible for Editor in 56.04 ms, found 1 plugins.
Preloading 0 native plugins for Editor in 0.00 ms.
Invoked RoslynAnalysisRunner static constructor.
RoslynAnalysisRunner will not be running.
RoslynAnalysisRunner has terminated.
Mono: successfully reloaded assembly
- Completed reload, in  1.904 seconds
Platform modules already initialized, skipping
========================================================================
Worker process is ready to serve import requests
Launched and connected shader compiler UnityShaderCompiler.exe after 0.05 seconds
Refreshing native plugins compatible for Editor in 0.52 ms, found 1 plugins.
Preloading 0 native plugins for Editor in 0.00 ms.
Unloading 1818 Unused Serialized files (Serialized files now loaded: 0)
System memory in use before: 86.4 MB.
System memory in use after: 86.4 MB.

Unloading 24 unused Assets to reduce memory usage. Loaded Objects now: 2261.
Total: 2.585500 ms (FindLiveObjects: 0.249600 ms CreateObjectMapping: 0.118000 ms MarkObjects: 2.060800 ms  DeleteObjects: 0.155100 ms)

========================================================================
Received Import Request.
  path: Assets/_Script/PlayerController2D.cs
  artifactKey: Guid(e961fad7f8eea874e955a7de49ffd2b0) Importer(815301076,1909f56bfc062723c751e8b465ee728b)
Start importing Assets/_Script/PlayerController2D.cs using Guid(e961fad7f8eea874e955a7de49ffd2b0) Importer(815301076,1909f56bfc062723c751e8b465ee728b)  -> (artifact id: 'eadbb96f2c89a48c5fcee989c5a9a2e5') in 0.058540 seconds
  Import took 0.061483 seconds .

========================================================================
Received Prepare
Registering precompiled user dll's ...
Registered in 0.001118 seconds.
Begin MonoManager ReloadAssembly
Native extension for WindowsStandalone target not found
Refreshing native plugins compatible for Editor in 0.44 ms, found 1 plugins.
Preloading 0 native plugins for Editor in 0.00 ms.
Invoked RoslynAnalysisRunner static constructor.
RoslynAnalysisRunner will not be running.
RoslynAnalysisRunner has terminated.
Mono: successfully reloaded assembly
- Completed reload, in  0.942 seconds
Platform modules already initialized, skipping
Refreshing native plugins compatible for Editor in 0.37 ms, found 1 plugins.
Preloading 0 native plugins for Editor in 0.00 ms.
Unloading 1800 Unused Serialized files (Serialized files now loaded: 0)
System memory in use before: 85.4 MB.
System memory in use after: 85.4 MB.

Unloading 12 unused Assets to reduce memory usage. Loaded Objects now: 2264.
Total: 2.631700 ms (FindLiveObjects: 0.370500 ms CreateObjectMapping: 0.141500 ms MarkObjects: 1.996600 ms  DeleteObjects: 0.121300 ms)

========================================================================
Received Import Request.
  Time since last request: 737.624702 seconds.
  path: Assets/_Script/PlayerController2D.cs
  artifactKey: Guid(e961fad7f8eea874e955a7de49ffd2b0) Importer(815301076,1909f56bfc062723c751e8b465ee728b)
Start importing Assets/_Script/PlayerController2D.cs using Guid(e961fad7f8eea874e955a7de49ffd2b0) Importer(815301076,1909f56bfc062723c751e8b465ee728b)  -> (artifact id: '5f0a85d261c1881a06a7bed5bd7002d6') in 0.009567 seconds
  Import took 0.012744 seconds .

========================================================================
Received Prepare
Registering precompiled user dll's ...
Registered in 0.000824 seconds.
Begin MonoManager ReloadAssembly
Native extension for WindowsStandalone target not found
Refreshing native plugins compatible for Editor in 0.36 ms, found 1 plugins.
Preloading 0 native plugins for Editor in 0.00 ms.
Invoked RoslynAnalysisRunner static constructor.
RoslynAnalysisRunner will not be running.
RoslynAnalysisRunner has terminated.
Mono: successfully reloaded assembly
- Completed reload, in  0.957 seconds
Platform modules already initialized, skipping
Refreshing native plugins compatible for Editor in 0.34 ms, found 1 plugins.
Preloading 0 native plugins for Editor in 0.00 ms.
Unloading 1800 Unused Serialized files (Serialized files now loaded: 0)
System memory in use before: 85.4 MB.
System memory in use after: 85.4 MB.

Unloading 12 unused Assets to reduce memory usage. Loaded Objects now: 2267.
Total: 2.717500 ms (FindLiveObjects: 0.234500 ms CreateObjectMapping: 0.074000 ms MarkObjects: 2.259800 ms  DeleteObjects: 0.147600 ms)

========================================================================
Received Import Request.
  Time since last request: 1897.992744 seconds.
  path: Assets/_Script/PlayerController2D.cs
  artifactKey: Guid(e961fad7f8eea874e955a7de49ffd2b0) Importer(815301076,1909f56bfc062723c751e8b465ee728b)
Start importing Assets/_Script/PlayerController2D.cs using Guid(e961fad7f8eea874e955a7de49ffd2b0) Importer(815301076,1909f56bfc062723c751e8b465ee728b)  -> (artifact id: 'b0fcd6a69597d7ce0ef929783a5aaf12') in 0.007431 seconds
  Import took 0.011318 seconds .

AssetImportWorkerClient::OnTransportError - code=2 error=End of file
